<?xml version="1.0" encoding="UTF-8"?>
<testng-results total="1" passed="1" failed="0" skipped="0">
  <reporter-output>
  </reporter-output>
  <suite started-at="2018-05-22T09:30:20Z" name="Suite" finished-at="2018-05-22T09:31:10Z" duration-ms="49694">
    <groups>
      <group name="cucumber">
        <method signature="TestRunner.feature(cucumber.api.testng.CucumberFeatureWrapper)[pri:0, instance:runner.TestRunner@76505305]" name="feature" class="runner.TestRunner"/>
      </group> <!-- cucumber -->
    </groups>
    <test started-at="2018-05-22T09:30:20Z" name="Test" finished-at="2018-05-22T09:31:10Z" duration-ms="49694">
      <class name="runner.TestRunner">
        <test-method is-config="true" signature="Browser(java.lang.String)[pri:0, instance:runner.TestRunner@76505305]" started-at="2018-05-22T15:00:20Z" name="Browser" finished-at="2018-05-22T15:00:26Z" duration-ms="5945" status="PASS">
          <params>
            <param index="0">
              <value>
                <![CDATA[Chrome]]>
              </value>
            </param>
          </params>
          <reporter-output>
          </reporter-output>
        </test-method> <!-- Browser -->
        <test-method is-config="true" signature="setUpClass()[pri:0, instance:runner.TestRunner@76505305]" started-at="2018-05-22T15:00:26Z" name="setUpClass" finished-at="2018-05-22T15:00:26Z" duration-ms="174" status="PASS">
          <reporter-output>
          </reporter-output>
        </test-method> <!-- setUpClass -->
        <test-method signature="feature(cucumber.api.testng.CucumberFeatureWrapper)[pri:0, instance:runner.TestRunner@76505305]" started-at="2018-05-22T15:00:26Z" name="feature" description="Runs Cucumber Feature" data-provider="features" finished-at="2018-05-22T15:01:09Z" duration-ms="42975" status="PASS">
          <params>
            <param index="0">
              <value>
                <![CDATA[Gather the Accebility report of Website]]>
              </value>
            </param>
          </params>
          <reporter-output>
          </reporter-output>
        </test-method> <!-- feature -->
        <test-method is-config="true" signature="tearDownClass()[pri:0, instance:runner.TestRunner@76505305]" started-at="2018-05-22T15:01:09Z" name="tearDownClass" finished-at="2018-05-22T15:01:09Z" duration-ms="220" status="PASS">
          <reporter-output>
          </reporter-output>
        </test-method> <!-- tearDownClass -->
        <test-method is-config="true" signature="close()[pri:0, instance:runner.TestRunner@76505305]" started-at="2018-05-22T15:01:09Z" name="close" finished-at="2018-05-22T15:01:10Z" duration-ms="320" status="PASS">
          <reporter-output>
          </reporter-output>
        </test-method> <!-- close -->
      </class> <!-- runner.TestRunner -->
    </test> <!-- Test -->
  </suite> <!-- Suite -->
</testng-results>
