<?xml version="1.0" encoding="UTF-8"?>
<testng-results skipped="0" failed="0" total="1" passed="1">
  <reporter-output>
  </reporter-output>
  <suite name="Suite" duration-ms="58631" started-at="2018-06-13T09:40:54Z" finished-at="2018-06-13T09:41:53Z">
    <groups>
      <group name="cucumber">
        <method signature="TestRunner.feature(cucumber.api.testng.CucumberFeatureWrapper)[pri:0, instance:runner.TestRunner@5056dfcb]" name="feature" class="runner.TestRunner"/>
      </group> <!-- cucumber -->
    </groups>
    <test name="Test" duration-ms="58631" started-at="2018-06-13T09:40:54Z" finished-at="2018-06-13T09:41:53Z">
      <class name="runner.TestRunner">
        <test-method status="PASS" signature="Browser(java.lang.String)[pri:0, instance:runner.TestRunner@5056dfcb]" name="Browser" is-config="true" duration-ms="21756" started-at="2018-06-13T15:10:54Z" finished-at="2018-06-13T15:11:16Z">
          <params>
            <param index="0">
              <value>
                <![CDATA[Chrome]]>
              </value>
            </param>
          </params>
          <reporter-output>
          </reporter-output>
        </test-method> <!-- Browser -->
        <test-method status="PASS" signature="setUpClass()[pri:0, instance:runner.TestRunner@5056dfcb]" name="setUpClass" is-config="true" duration-ms="258" started-at="2018-06-13T15:11:16Z" finished-at="2018-06-13T15:11:16Z">
          <reporter-output>
          </reporter-output>
        </test-method> <!-- setUpClass -->
        <test-method status="PASS" signature="feature(cucumber.api.testng.CucumberFeatureWrapper)[pri:0, instance:runner.TestRunner@5056dfcb]" name="feature" duration-ms="35947" started-at="2018-06-13T15:11:16Z" description="Runs Cucumber Feature" data-provider="features" finished-at="2018-06-13T15:11:52Z">
          <params>
            <param index="0">
              <value>
                <![CDATA[Gather the Accebility report of Website]]>
              </value>
            </param>
          </params>
          <reporter-output>
          </reporter-output>
        </test-method> <!-- feature -->
        <test-method status="PASS" signature="tearDownClass()[pri:0, instance:runner.TestRunner@5056dfcb]" name="tearDownClass" is-config="true" duration-ms="313" started-at="2018-06-13T15:11:52Z" finished-at="2018-06-13T15:11:52Z">
          <reporter-output>
          </reporter-output>
        </test-method> <!-- tearDownClass -->
        <test-method status="PASS" signature="close()[pri:0, instance:runner.TestRunner@5056dfcb]" name="close" is-config="true" duration-ms="245" started-at="2018-06-13T15:11:52Z" finished-at="2018-06-13T15:11:53Z">
          <reporter-output>
          </reporter-output>
        </test-method> <!-- close -->
      </class> <!-- runner.TestRunner -->
    </test> <!-- Test -->
  </suite> <!-- Suite -->
</testng-results>
