<?xml version="1.0" encoding="UTF-8"?>
<testng-results skipped="0" failed="0" total="1" passed="1">
  <reporter-output>
  </reporter-output>
  <suite name="Suite" duration-ms="44405" started-at="2018-05-30T09:58:20Z" finished-at="2018-05-30T09:59:05Z">
    <groups>
      <group name="cucumber">
        <method signature="TestRunner.feature(cucumber.api.testng.CucumberFeatureWrapper)[pri:0, instance:runner.TestRunner@ff5b51f]" name="feature" class="runner.TestRunner"/>
      </group> <!-- cucumber -->
    </groups>
    <test name="Test" duration-ms="44405" started-at="2018-05-30T09:58:20Z" finished-at="2018-05-30T09:59:05Z">
      <class name="runner.TestRunner">
        <test-method status="PASS" signature="Browser(java.lang.String)[pri:0, instance:runner.TestRunner@ff5b51f]" name="Browser" is-config="true" duration-ms="5680" started-at="2018-05-30T15:28:20Z" finished-at="2018-05-30T15:28:26Z">
          <params>
            <param index="0">
              <value>
                <![CDATA[Chrome]]>
              </value>
            </param>
          </params>
          <reporter-output>
          </reporter-output>
        </test-method> <!-- Browser -->
        <test-method status="PASS" signature="setUpClass()[pri:0, instance:runner.TestRunner@ff5b51f]" name="setUpClass" is-config="true" duration-ms="157" started-at="2018-05-30T15:28:26Z" finished-at="2018-05-30T15:28:26Z">
          <reporter-output>
          </reporter-output>
        </test-method> <!-- setUpClass -->
        <test-method status="PASS" signature="feature(cucumber.api.testng.CucumberFeatureWrapper)[pri:0, instance:runner.TestRunner@ff5b51f]" name="feature" duration-ms="36118" started-at="2018-05-30T15:28:26Z" description="Runs Cucumber Feature" data-provider="features" finished-at="2018-05-30T15:29:02Z">
          <params>
            <param index="0">
              <value>
                <![CDATA[Gather the Accebility report of Website]]>
              </value>
            </param>
          </params>
          <reporter-output>
          </reporter-output>
        </test-method> <!-- feature -->
        <test-method status="PASS" signature="tearDownClass()[pri:0, instance:runner.TestRunner@ff5b51f]" name="tearDownClass" is-config="true" duration-ms="54" started-at="2018-05-30T15:29:02Z" finished-at="2018-05-30T15:29:02Z">
          <reporter-output>
          </reporter-output>
        </test-method> <!-- tearDownClass -->
        <test-method status="PASS" signature="close()[pri:0, instance:runner.TestRunner@ff5b51f]" name="close" is-config="true" duration-ms="2342" started-at="2018-05-30T15:29:02Z" finished-at="2018-05-30T15:29:05Z">
          <reporter-output>
          </reporter-output>
        </test-method> <!-- close -->
      </class> <!-- runner.TestRunner -->
    </test> <!-- Test -->
  </suite> <!-- Suite -->
</testng-results>
