<?xml version="1.0" encoding="UTF-8"?>
<testng-results total="1" passed="1" failed="0" skipped="0">
  <reporter-output>
  </reporter-output>
  <suite started-at="2018-05-22T06:47:08Z" name="Suite" finished-at="2018-05-22T06:47:53Z" duration-ms="44663">
    <groups>
      <group name="cucumber">
        <method signature="TestRunner.feature(cucumber.api.testng.CucumberFeatureWrapper)[pri:0, instance:runner.TestRunner@1649b0e6]" name="feature" class="runner.TestRunner"/>
      </group> <!-- cucumber -->
    </groups>
    <test started-at="2018-05-22T06:47:08Z" name="Test" finished-at="2018-05-22T06:47:53Z" duration-ms="44663">
      <class name="runner.TestRunner">
        <test-method is-config="true" signature="Browser(java.lang.String)[pri:0, instance:runner.TestRunner@1649b0e6]" started-at="2018-05-22T12:17:08Z" name="Browser" finished-at="2018-05-22T12:17:14Z" duration-ms="5618" status="PASS">
          <params>
            <param index="0">
              <value>
                <![CDATA[Chrome]]>
              </value>
            </param>
          </params>
          <reporter-output>
          </reporter-output>
        </test-method> <!-- Browser -->
        <test-method is-config="true" signature="setUpClass()[pri:0, instance:runner.TestRunner@1649b0e6]" started-at="2018-05-22T12:17:14Z" name="setUpClass" finished-at="2018-05-22T12:17:14Z" duration-ms="208" status="PASS">
          <reporter-output>
          </reporter-output>
        </test-method> <!-- setUpClass -->
        <test-method signature="feature(cucumber.api.testng.CucumberFeatureWrapper)[pri:0, instance:runner.TestRunner@1649b0e6]" started-at="2018-05-22T12:17:14Z" name="feature" description="Runs Cucumber Feature" data-provider="features" finished-at="2018-05-22T12:17:52Z" duration-ms="38414" status="PASS">
          <params>
            <param index="0">
              <value>
                <![CDATA[Gather the Accebility report of Website]]>
              </value>
            </param>
          </params>
          <reporter-output>
          </reporter-output>
        </test-method> <!-- feature -->
        <test-method is-config="true" signature="tearDownClass()[pri:0, instance:runner.TestRunner@1649b0e6]" started-at="2018-05-22T12:17:52Z" name="tearDownClass" finished-at="2018-05-22T12:17:52Z" duration-ms="89" status="PASS">
          <reporter-output>
          </reporter-output>
        </test-method> <!-- tearDownClass -->
        <test-method is-config="true" signature="close()[pri:0, instance:runner.TestRunner@1649b0e6]" started-at="2018-05-22T12:17:52Z" name="close" finished-at="2018-05-22T12:17:53Z" duration-ms="256" status="PASS">
          <reporter-output>
          </reporter-output>
        </test-method> <!-- close -->
      </class> <!-- runner.TestRunner -->
    </test> <!-- Test -->
  </suite> <!-- Suite -->
</testng-results>
